app/build/intermediates/manifest_merge_blame_file/debug/manifest-merger-blame-debug-report.txt
1<?xml version="1.0" encoding="utf-8"?>
2<manifest xmlns:android="http://schemas.android.com/apk/res/android"
3    package="com.tutorials.agriconnect"
4    android:versionCode="1"
5    android:versionName="1.0" >
6
7    <uses-sdk
8        android:minSdkVersion="26"
9        android:targetSdkVersion="34" />
10
11    <uses-permission android:name="android.permission.INTERNET" />
11-->src\main\AndroidManifest.xml:5:5-67
11-->src\main\AndroidManifest.xml:5:22-64
12    <uses-permission android:name="android.permission.ACCESS_NETWORK_STATE" />
12-->src\main\AndroidManifest.xml:6:5-79
12-->src\main\AndroidManifest.xml:6:22-76
13    <uses-permission android:name="android.permission.READ_PHONE_STATE" />
13-->src\main\AndroidManifest.xml:7:5-75
13-->src\main\AndroidManifest.xml:7:22-72
14    <uses-permission android:name="android.permission.READ_PHONE_NUMBERS" />
14-->src\main\AndroidManifest.xml:8:5-77
14-->src\main\AndroidManifest.xml:8:22-74
15    <uses-permission android:name="android.permission.USE_BIOMETRIC" /> <!-- suppress DeprecatedClassUsageInspection -->
15-->[androidx.biometric:biometric:1.1.0] AndroidManifest.xml:24:5-72
15-->[androidx.biometric:biometric:1.1.0] AndroidManifest.xml:24:22-69
16    <uses-permission android:name="android.permission.USE_FINGERPRINT" />
16-->[androidx.biometric:biometric:1.1.0] AndroidManifest.xml:27:5-74
16-->[androidx.biometric:biometric:1.1.0] AndroidManifest.xml:27:22-71
17    <uses-permission android:name="com.google.android.providers.gsf.permission.READ_GSERVICES" />
17-->[com.google.android.recaptcha:recaptcha:18.4.0] AndroidManifest.xml:9:5-98
17-->[com.google.android.recaptcha:recaptcha:18.4.0] AndroidManifest.xml:9:22-95
18
19    <permission
19-->[androidx.core:core:1.15.0] AndroidManifest.xml:22:5-24:47
20        android:name="com.tutorials.agriconnect.DYNAMIC_RECEIVER_NOT_EXPORTED_PERMISSION"
20-->[androidx.core:core:1.15.0] AndroidManifest.xml:23:9-81
21        android:protectionLevel="signature" />
21-->[androidx.core:core:1.15.0] AndroidManifest.xml:24:9-44
22
23    <uses-permission android:name="com.tutorials.agriconnect.DYNAMIC_RECEIVER_NOT_EXPORTED_PERMISSION" />
23-->[androidx.core:core:1.15.0] AndroidManifest.xml:26:5-97
23-->[androidx.core:core:1.15.0] AndroidManifest.xml:26:22-94
24
25    <application
25-->src\main\AndroidManifest.xml:10:5-31:19
26        android:allowBackup="true"
26-->src\main\AndroidManifest.xml:11:9-35
27        android:appComponentFactory="androidx.core.app.CoreComponentFactory"
27-->[androidx.core:core:1.15.0] AndroidManifest.xml:28:18-86
28        android:dataExtractionRules="@xml/data_extraction_rules"
28-->src\main\AndroidManifest.xml:12:9-65
29        android:debuggable="true"
30        android:extractNativeLibs="false"
31        android:fullBackupContent="@xml/backup_rules"
31-->src\main\AndroidManifest.xml:13:9-54
32        android:icon="@mipmap/ic_launcher"
32-->src\main\AndroidManifest.xml:14:9-43
33        android:label="@string/app_name"
33-->src\main\AndroidManifest.xml:15:9-41
34        android:roundIcon="@mipmap/ic_launcher_round"
34-->src\main\AndroidManifest.xml:16:9-54
35        android:supportsRtl="true"
35-->src\main\AndroidManifest.xml:17:9-35
36        android:testOnly="true"
37        android:theme="@style/Theme.Agriconnect" >
37-->src\main\AndroidManifest.xml:18:9-49
38        <activity
38-->src\main\AndroidManifest.xml:20:9-30:20
39            android:name="com.tutorials.agriconnect.MainActivity"
39-->src\main\AndroidManifest.xml:21:13-41
40            android:exported="true"
40-->src\main\AndroidManifest.xml:22:13-36
41            android:label="@string/app_name"
41-->src\main\AndroidManifest.xml:23:13-45
42            android:theme="@style/Theme.Agriconnect" >
42-->src\main\AndroidManifest.xml:24:13-53
43            <intent-filter>
43-->src\main\AndroidManifest.xml:25:13-29:29
44                <action android:name="android.intent.action.MAIN" />
44-->src\main\AndroidManifest.xml:26:17-69
44-->src\main\AndroidManifest.xml:26:25-66
45
46                <category android:name="android.intent.category.LAUNCHER" />
46-->src\main\AndroidManifest.xml:28:17-77
46-->src\main\AndroidManifest.xml:28:27-74
47            </intent-filter>
48        </activity>
49
50        <service
50-->[androidx.credentials:credentials-play-services-auth:1.5.0] AndroidManifest.xml:24:9-32:19
51            android:name="androidx.credentials.playservices.CredentialProviderMetadataHolder"
51-->[androidx.credentials:credentials-play-services-auth:1.5.0] AndroidManifest.xml:25:13-94
52            android:enabled="true"
52-->[androidx.credentials:credentials-play-services-auth:1.5.0] AndroidManifest.xml:26:13-35
53            android:exported="false" >
53-->[androidx.credentials:credentials-play-services-auth:1.5.0] AndroidManifest.xml:27:13-37
54            <meta-data
54-->[androidx.credentials:credentials-play-services-auth:1.5.0] AndroidManifest.xml:29:13-31:104
55                android:name="androidx.credentials.CREDENTIAL_PROVIDER_KEY"
55-->[androidx.credentials:credentials-play-services-auth:1.5.0] AndroidManifest.xml:30:17-76
56                android:value="androidx.credentials.playservices.CredentialProviderPlayServicesImpl" />
56-->[androidx.credentials:credentials-play-services-auth:1.5.0] AndroidManifest.xml:31:17-101
57        </service>
58
59        <activity
59-->[androidx.credentials:credentials-play-services-auth:1.5.0] AndroidManifest.xml:34:9-41:20
60            android:name="androidx.credentials.playservices.HiddenActivity"
60-->[androidx.credentials:credentials-play-services-auth:1.5.0] AndroidManifest.xml:35:13-76
61            android:configChanges="orientation|screenSize|screenLayout|keyboardHidden"
61-->[androidx.credentials:credentials-play-services-auth:1.5.0] AndroidManifest.xml:36:13-87
62            android:enabled="true"
62-->[androidx.credentials:credentials-play-services-auth:1.5.0] AndroidManifest.xml:37:13-35
63            android:exported="false"
63-->[androidx.credentials:credentials-play-services-auth:1.5.0] AndroidManifest.xml:38:13-37
64            android:fitsSystemWindows="true"
64-->[androidx.credentials:credentials-play-services-auth:1.5.0] AndroidManifest.xml:39:13-45
65            android:theme="@style/Theme.Hidden" >
65-->[androidx.credentials:credentials-play-services-auth:1.5.0] AndroidManifest.xml:40:13-48
66        </activity>
67        <activity
67-->[androidx.credentials:credentials-play-services-auth:1.5.0] AndroidManifest.xml:42:9-49:20
68            android:name="androidx.credentials.playservices.IdentityCredentialApiHiddenActivity"
68-->[androidx.credentials:credentials-play-services-auth:1.5.0] AndroidManifest.xml:43:13-97
69            android:configChanges="orientation|screenSize|screenLayout|keyboardHidden"
69-->[androidx.credentials:credentials-play-services-auth:1.5.0] AndroidManifest.xml:44:13-87
70            android:enabled="true"
70-->[androidx.credentials:credentials-play-services-auth:1.5.0] AndroidManifest.xml:45:13-35
71            android:exported="false"
71-->[androidx.credentials:credentials-play-services-auth:1.5.0] AndroidManifest.xml:46:13-37
72            android:fitsSystemWindows="true"
72-->[androidx.credentials:credentials-play-services-auth:1.5.0] AndroidManifest.xml:47:13-45
73            android:theme="@style/Theme.Hidden" >
73-->[androidx.credentials:credentials-play-services-auth:1.5.0] AndroidManifest.xml:48:13-48
74        </activity>
75
76        <service
76-->[com.google.firebase:firebase-firestore-ktx:25.1.3] AndroidManifest.xml:9:9-15:19
77            android:name="com.google.firebase.components.ComponentDiscoveryService"
77-->[com.google.firebase:firebase-firestore-ktx:25.1.3] AndroidManifest.xml:10:13-84
78            android:directBootAware="true"
78-->[com.google.firebase:firebase-common:21.0.0] AndroidManifest.xml:32:13-43
79            android:exported="false" >
79-->[com.google.firebase:firebase-firestore-ktx:25.1.3] AndroidManifest.xml:11:13-37
80            <meta-data
80-->[com.google.firebase:firebase-firestore-ktx:25.1.3] AndroidManifest.xml:12:13-14:85
81                android:name="com.google.firebase.components:com.google.firebase.firestore.ktx.FirebaseFirestoreLegacyRegistrar"
81-->[com.google.firebase:firebase-firestore-ktx:25.1.3] AndroidManifest.xml:13:17-129
82                android:value="com.google.firebase.components.ComponentRegistrar" />
82-->[com.google.firebase:firebase-firestore-ktx:25.1.3] AndroidManifest.xml:14:17-82
83            <meta-data
83-->[com.google.firebase:firebase-auth:22.3.1] AndroidManifest.xml:69:13-71:85
84                android:name="com.google.firebase.components:com.google.firebase.auth.FirebaseAuthRegistrar"
84-->[com.google.firebase:firebase-auth:22.3.1] AndroidManifest.xml:70:17-109
85                android:value="com.google.firebase.components.ComponentRegistrar" />
85-->[com.google.firebase:firebase-auth:22.3.1] AndroidManifest.xml:71:17-82
86            <meta-data
86-->[com.google.firebase:firebase-firestore:25.1.3] AndroidManifest.xml:17:13-19:85
87                android:name="com.google.firebase.components:com.google.firebase.firestore.FirebaseFirestoreKtxRegistrar"
87-->[com.google.firebase:firebase-firestore:25.1.3] AndroidManifest.xml:18:17-122
88                android:value="com.google.firebase.components.ComponentRegistrar" />
88-->[com.google.firebase:firebase-firestore:25.1.3] AndroidManifest.xml:19:17-82
89            <meta-data
89-->[com.google.firebase:firebase-firestore:25.1.3] AndroidManifest.xml:20:13-22:85
90                android:name="com.google.firebase.components:com.google.firebase.firestore.FirestoreRegistrar"
90-->[com.google.firebase:firebase-firestore:25.1.3] AndroidManifest.xml:21:17-111
91                android:value="com.google.firebase.components.ComponentRegistrar" />
91-->[com.google.firebase:firebase-firestore:25.1.3] AndroidManifest.xml:22:17-82
92            <meta-data
92-->[com.google.firebase:firebase-common-ktx:21.0.0] AndroidManifest.xml:12:13-14:85
93                android:name="com.google.firebase.components:com.google.firebase.ktx.FirebaseCommonLegacyRegistrar"
93-->[com.google.firebase:firebase-common-ktx:21.0.0] AndroidManifest.xml:13:17-116
94                android:value="com.google.firebase.components.ComponentRegistrar" />
94-->[com.google.firebase:firebase-common-ktx:21.0.0] AndroidManifest.xml:14:17-82
95            <meta-data
95-->[com.google.firebase:firebase-common:21.0.0] AndroidManifest.xml:35:13-37:85
96                android:name="com.google.firebase.components:com.google.firebase.FirebaseCommonKtxRegistrar"
96-->[com.google.firebase:firebase-common:21.0.0] AndroidManifest.xml:36:17-109
97                android:value="com.google.firebase.components.ComponentRegistrar" />
97-->[com.google.firebase:firebase-common:21.0.0] AndroidManifest.xml:37:17-82
98        </service>
99
100        <activity
100-->[com.google.firebase:firebase-auth:22.3.1] AndroidManifest.xml:29:9-46:20
101            android:name="com.google.firebase.auth.internal.GenericIdpActivity"
101-->[com.google.firebase:firebase-auth:22.3.1] AndroidManifest.xml:30:13-80
102            android:excludeFromRecents="true"
102-->[com.google.firebase:firebase-auth:22.3.1] AndroidManifest.xml:31:13-46
103            android:exported="true"
103-->[com.google.firebase:firebase-auth:22.3.1] AndroidManifest.xml:32:13-36
104            android:launchMode="singleTask"
104-->[com.google.firebase:firebase-auth:22.3.1] AndroidManifest.xml:33:13-44
105            android:theme="@android:style/Theme.Translucent.NoTitleBar" >
105-->[com.google.firebase:firebase-auth:22.3.1] AndroidManifest.xml:34:13-72
106            <intent-filter>
106-->[com.google.firebase:firebase-auth:22.3.1] AndroidManifest.xml:35:13-45:29
107                <action android:name="android.intent.action.VIEW" />
107-->[com.google.firebase:firebase-auth:22.3.1] AndroidManifest.xml:36:17-69
107-->[com.google.firebase:firebase-auth:22.3.1] AndroidManifest.xml:36:25-66
108
109                <category android:name="android.intent.category.DEFAULT" />
109-->[com.google.firebase:firebase-auth:22.3.1] AndroidManifest.xml:38:17-76
109-->[com.google.firebase:firebase-auth:22.3.1] AndroidManifest.xml:38:27-73
110                <category android:name="android.intent.category.BROWSABLE" />
110-->[com.google.firebase:firebase-auth:22.3.1] AndroidManifest.xml:39:17-78
110-->[com.google.firebase:firebase-auth:22.3.1] AndroidManifest.xml:39:27-75
111
112                <data
112-->[com.google.firebase:firebase-auth:22.3.1] AndroidManifest.xml:41:17-44:51
113                    android:host="firebase.auth"
113-->[com.google.firebase:firebase-auth:22.3.1] AndroidManifest.xml:42:21-49
114                    android:path="/"
114-->[com.google.firebase:firebase-auth:22.3.1] AndroidManifest.xml:43:21-37
115                    android:scheme="genericidp" />
115-->[com.google.firebase:firebase-auth:22.3.1] AndroidManifest.xml:44:21-48
116            </intent-filter>
117        </activity>
118        <activity
118-->[com.google.firebase:firebase-auth:22.3.1] AndroidManifest.xml:47:9-64:20
119            android:name="com.google.firebase.auth.internal.RecaptchaActivity"
119-->[com.google.firebase:firebase-auth:22.3.1] AndroidManifest.xml:48:13-79
120            android:excludeFromRecents="true"
120-->[com.google.firebase:firebase-auth:22.3.1] AndroidManifest.xml:49:13-46
121            android:exported="true"
121-->[com.google.firebase:firebase-auth:22.3.1] AndroidManifest.xml:50:13-36
122            android:launchMode="singleTask"
122-->[com.google.firebase:firebase-auth:22.3.1] AndroidManifest.xml:51:13-44
123            android:theme="@android:style/Theme.Translucent.NoTitleBar" >
123-->[com.google.firebase:firebase-auth:22.3.1] AndroidManifest.xml:52:13-72
124            <intent-filter>
124-->[com.google.firebase:firebase-auth:22.3.1] AndroidManifest.xml:53:13-63:29
125                <action android:name="android.intent.action.VIEW" />
125-->[com.google.firebase:firebase-auth:22.3.1] AndroidManifest.xml:36:17-69
125-->[com.google.firebase:firebase-auth:22.3.1] AndroidManifest.xml:36:25-66
126
127                <category android:name="android.intent.category.DEFAULT" />
127-->[com.google.firebase:firebase-auth:22.3.1] AndroidManifest.xml:38:17-76
127-->[com.google.firebase:firebase-auth:22.3.1] AndroidManifest.xml:38:27-73
128                <category android:name="android.intent.category.BROWSABLE" />
128-->[com.google.firebase:firebase-auth:22.3.1] AndroidManifest.xml:39:17-78
128-->[com.google.firebase:firebase-auth:22.3.1] AndroidManifest.xml:39:27-75
129
130                <data
130-->[com.google.firebase:firebase-auth:22.3.1] AndroidManifest.xml:41:17-44:51
131                    android:host="firebase.auth"
131-->[com.google.firebase:firebase-auth:22.3.1] AndroidManifest.xml:42:21-49
132                    android:path="/"
132-->[com.google.firebase:firebase-auth:22.3.1] AndroidManifest.xml:43:21-37
133                    android:scheme="recaptcha" />
133-->[com.google.firebase:firebase-auth:22.3.1] AndroidManifest.xml:44:21-48
134            </intent-filter>
135        </activity>
136        <activity
136-->[com.google.android.gms:play-services-auth:21.1.1] AndroidManifest.xml:23:9-27:75
137            android:name="com.google.android.gms.auth.api.signin.internal.SignInHubActivity"
137-->[com.google.android.gms:play-services-auth:21.1.1] AndroidManifest.xml:24:13-93
138            android:excludeFromRecents="true"
138-->[com.google.android.gms:play-services-auth:21.1.1] AndroidManifest.xml:25:13-46
139            android:exported="false"
139-->[com.google.android.gms:play-services-auth:21.1.1] AndroidManifest.xml:26:13-37
140            android:theme="@android:style/Theme.Translucent.NoTitleBar" />
140-->[com.google.android.gms:play-services-auth:21.1.1] AndroidManifest.xml:27:13-72
141        <!--
142            Service handling Google Sign-In user revocation. For apps that do not integrate with
143            Google Sign-In, this service will never be started.
144        -->
145        <service
145-->[com.google.android.gms:play-services-auth:21.1.1] AndroidManifest.xml:33:9-37:51
146            android:name="com.google.android.gms.auth.api.signin.RevocationBoundService"
146-->[com.google.android.gms:play-services-auth:21.1.1] AndroidManifest.xml:34:13-89
147            android:exported="true"
147-->[com.google.android.gms:play-services-auth:21.1.1] AndroidManifest.xml:35:13-36
148            android:permission="com.google.android.gms.auth.api.signin.permission.REVOCATION_NOTIFICATION"
148-->[com.google.android.gms:play-services-auth:21.1.1] AndroidManifest.xml:36:13-107
149            android:visibleToInstantApps="true" />
149-->[com.google.android.gms:play-services-auth:21.1.1] AndroidManifest.xml:37:13-48
150
151        <activity
151-->[com.google.android.gms:play-services-base:18.5.0] AndroidManifest.xml:5:9-173
152            android:name="com.google.android.gms.common.api.GoogleApiActivity"
152-->[com.google.android.gms:play-services-base:18.5.0] AndroidManifest.xml:5:19-85
153            android:exported="false"
153-->[com.google.android.gms:play-services-base:18.5.0] AndroidManifest.xml:5:146-170
154            android:theme="@android:style/Theme.Translucent.NoTitleBar" />
154-->[com.google.android.gms:play-services-base:18.5.0] AndroidManifest.xml:5:86-145
155
156        <provider
156-->[com.google.firebase:firebase-common:21.0.0] AndroidManifest.xml:23:9-28:39
157            android:name="com.google.firebase.provider.FirebaseInitProvider"
157-->[com.google.firebase:firebase-common:21.0.0] AndroidManifest.xml:24:13-77
158            android:authorities="com.tutorials.agriconnect.firebaseinitprovider"
158-->[com.google.firebase:firebase-common:21.0.0] AndroidManifest.xml:25:13-72
159            android:directBootAware="true"
159-->[com.google.firebase:firebase-common:21.0.0] AndroidManifest.xml:26:13-43
160            android:exported="false"
160-->[com.google.firebase:firebase-common:21.0.0] AndroidManifest.xml:27:13-37
161            android:initOrder="100" />
161-->[com.google.firebase:firebase-common:21.0.0] AndroidManifest.xml:28:13-36
162
163        <activity
163-->[androidx.compose.ui:ui-test-manifest:1.6.0] AndroidManifest.xml:23:9-25:39
164            android:name="androidx.activity.ComponentActivity"
164-->[androidx.compose.ui:ui-test-manifest:1.6.0] AndroidManifest.xml:24:13-63
165            android:exported="true" />
165-->[androidx.compose.ui:ui-test-manifest:1.6.0] AndroidManifest.xml:25:13-36
166        <activity
166-->[androidx.compose.ui:ui-tooling-android:1.6.0] AndroidManifest.xml:23:9-25:39
167            android:name="androidx.compose.ui.tooling.PreviewActivity"
167-->[androidx.compose.ui:ui-tooling-android:1.6.0] AndroidManifest.xml:24:13-71
168            android:exported="true" />
168-->[androidx.compose.ui:ui-tooling-android:1.6.0] AndroidManifest.xml:25:13-36
169
170        <provider
170-->[androidx.lifecycle:lifecycle-process:2.8.7] AndroidManifest.xml:24:9-32:20
171            android:name="androidx.startup.InitializationProvider"
171-->[androidx.lifecycle:lifecycle-process:2.8.7] AndroidManifest.xml:25:13-67
172            android:authorities="com.tutorials.agriconnect.androidx-startup"
172-->[androidx.lifecycle:lifecycle-process:2.8.7] AndroidManifest.xml:26:13-68
173            android:exported="false" >
173-->[androidx.lifecycle:lifecycle-process:2.8.7] AndroidManifest.xml:27:13-37
174            <meta-data
174-->[androidx.lifecycle:lifecycle-process:2.8.7] AndroidManifest.xml:29:13-31:52
175                android:name="androidx.lifecycle.ProcessLifecycleInitializer"
175-->[androidx.lifecycle:lifecycle-process:2.8.7] AndroidManifest.xml:30:17-78
176                android:value="androidx.startup" />
176-->[androidx.lifecycle:lifecycle-process:2.8.7] AndroidManifest.xml:31:17-49
177            <meta-data
177-->[androidx.emoji2:emoji2:1.4.0] AndroidManifest.xml:29:13-31:52
178                android:name="androidx.emoji2.text.EmojiCompatInitializer"
178-->[androidx.emoji2:emoji2:1.4.0] AndroidManifest.xml:30:17-75
179                android:value="androidx.startup" />
179-->[androidx.emoji2:emoji2:1.4.0] AndroidManifest.xml:31:17-49
180            <meta-data
180-->[androidx.profileinstaller:profileinstaller:1.4.0] AndroidManifest.xml:29:13-31:52
181                android:name="androidx.profileinstaller.ProfileInstallerInitializer"
181-->[androidx.profileinstaller:profileinstaller:1.4.0] AndroidManifest.xml:30:17-85
182                android:value="androidx.startup" />
182-->[androidx.profileinstaller:profileinstaller:1.4.0] AndroidManifest.xml:31:17-49
183        </provider>
184
185        <meta-data
185-->[com.google.android.gms:play-services-basement:18.4.0] AndroidManifest.xml:6:9-122
186            android:name="com.google.android.gms.version"
186-->[com.google.android.gms:play-services-basement:18.4.0] AndroidManifest.xml:6:20-65
187            android:value="@integer/google_play_services_version" />
187-->[com.google.android.gms:play-services-basement:18.4.0] AndroidManifest.xml:6:66-119
188
189        <receiver
189-->[androidx.profileinstaller:profileinstaller:1.4.0] AndroidManifest.xml:34:9-52:20
190            android:name="androidx.profileinstaller.ProfileInstallReceiver"
190-->[androidx.profileinstaller:profileinstaller:1.4.0] AndroidManifest.xml:35:13-76
191            android:directBootAware="false"
191-->[androidx.profileinstaller:profileinstaller:1.4.0] AndroidManifest.xml:36:13-44
192            android:enabled="true"
192-->[androidx.profileinstaller:profileinstaller:1.4.0] AndroidManifest.xml:37:13-35
193            android:exported="true"
193-->[androidx.profileinstaller:profileinstaller:1.4.0] AndroidManifest.xml:38:13-36
194            android:permission="android.permission.DUMP" >
194-->[androidx.profileinstaller:profileinstaller:1.4.0] AndroidManifest.xml:39:13-57
195            <intent-filter>
195-->[androidx.profileinstaller:profileinstaller:1.4.0] AndroidManifest.xml:40:13-42:29
196                <action android:name="androidx.profileinstaller.action.INSTALL_PROFILE" />
196-->[androidx.profileinstaller:profileinstaller:1.4.0] AndroidManifest.xml:41:17-91
196-->[androidx.profileinstaller:profileinstaller:1.4.0] AndroidManifest.xml:41:25-88
197            </intent-filter>
198            <intent-filter>
198-->[androidx.profileinstaller:profileinstaller:1.4.0] AndroidManifest.xml:43:13-45:29
199                <action android:name="androidx.profileinstaller.action.SKIP_FILE" />
199-->[androidx.profileinstaller:profileinstaller:1.4.0] AndroidManifest.xml:44:17-85
199-->[androidx.profileinstaller:profileinstaller:1.4.0] AndroidManifest.xml:44:25-82
200            </intent-filter>
201            <intent-filter>
201-->[androidx.profileinstaller:profileinstaller:1.4.0] AndroidManifest.xml:46:13-48:29
202                <action android:name="androidx.profileinstaller.action.SAVE_PROFILE" />
202-->[androidx.profileinstaller:profileinstaller:1.4.0] AndroidManifest.xml:47:17-88
202-->[androidx.profileinstaller:profileinstaller:1.4.0] AndroidManifest.xml:47:25-85
203            </intent-filter>
204            <intent-filter>
204-->[androidx.profileinstaller:profileinstaller:1.4.0] AndroidManifest.xml:49:13-51:29
205                <action android:name="androidx.profileinstaller.action.BENCHMARK_OPERATION" />
205-->[androidx.profileinstaller:profileinstaller:1.4.0] AndroidManifest.xml:50:17-95
205-->[androidx.profileinstaller:profileinstaller:1.4.0] AndroidManifest.xml:50:25-92
206            </intent-filter>
207        </receiver>
208    </application>
209
210</manifest>